{"/Users/joffre.quintas/Desktop/AreaDeTrabalho/adotePet-backend/src/controllers/AddressControllers.ts": {"path":"/Users/joffre.quintas/Desktop/AreaDeTrabalho/adotePet-backend/src/controllers/AddressControllers.ts","statementMap":{"0":{"start":{"line":2,"column":0},"end":{"line":2,"column":55}},"1":{"start":{"line":6,"column":8},"end":{"line":14,"column":9}},"2":{"start":{"line":7,"column":62},"end":{"line":7,"column":70}},"3":{"start":{"line":9,"column":28},"end":{"line":9,"column":85}},"4":{"start":{"line":11,"column":12},"end":{"line":11,"column":null}},"5":{"start":{"line":13,"column":12},"end":{"line":13,"column":null}},"6":{"start":{"line":18,"column":8},"end":{"line":26,"column":9}},"7":{"start":{"line":19,"column":104},"end":{"line":19,"column":112}},"8":{"start":{"line":21,"column":12},"end":{"line":21,"column":null}},"9":{"start":{"line":23,"column":12},"end":{"line":23,"column":null}},"10":{"start":{"line":25,"column":12},"end":{"line":25,"column":null}},"11":{"start":{"line":30,"column":0},"end":{"line":30,"column":null}}},"fnMap":{"0":{"name":"(anonymous_1)","decl":{"start":{"line":5,"column":4},"end":{"line":5,"column":10}},"loc":{"start":{"line":5,"column":56},"end":{"line":15,"column":5}}},"1":{"name":"(anonymous_2)","decl":{"start":{"line":17,"column":4},"end":{"line":17,"column":10}},"loc":{"start":{"line":17,"column":58},"end":{"line":27,"column":5}}}},"branchMap":{"0":{"loc":{"start":{"line":11,"column":19},"end":{"line":11,"column":51}},"type":"cond-expr","locations":[{"start":{"line":11,"column":29},"end":{"line":11,"column":39}},{"start":{"line":11,"column":42},"end":{"line":11,"column":51}}]},"1":{"loc":{"start":{"line":13,"column":23},"end":{"line":13,"column":42}},"type":"binary-expr","locations":[{"start":{"line":13,"column":23},"end":{"line":13,"column":35}},{"start":{"line":13,"column":39},"end":{"line":13,"column":42}}]},"2":{"loc":{"start":{"line":25,"column":23},"end":{"line":25,"column":42}},"type":"binary-expr","locations":[{"start":{"line":25,"column":23},"end":{"line":25,"column":35}},{"start":{"line":25,"column":39},"end":{"line":25,"column":42}}]}},"s":{"0":1,"1":1,"2":1,"3":1,"4":0,"5":1,"6":1,"7":1,"8":1,"9":0,"10":1,"11":1},"f":{"0":1,"1":1},"b":{"0":[0,0],"1":[1,1],"2":[1,1]}}
,"/Users/joffre.quintas/Desktop/AreaDeTrabalho/adotePet-backend/src/prisma/index.ts": {"path":"/Users/joffre.quintas/Desktop/AreaDeTrabalho/adotePet-backend/src/prisma/index.ts","statementMap":{"0":{"start":{"line":1,"column":0},"end":{"line":1,"column":45}},"1":{"start":{"line":3,"column":15},"end":{"line":3,"column":33}},"2":{"start":{"line":5,"column":0},"end":{"line":5,"column":null}}},"fnMap":{},"branchMap":{},"s":{"0":2,"1":2,"2":2},"f":{},"b":{}}
,"/Users/joffre.quintas/Desktop/AreaDeTrabalho/adotePet-backend/src/usecases/AddressUsecase.ts": {"path":"/Users/joffre.quintas/Desktop/AreaDeTrabalho/adotePet-backend/src/usecases/AddressUsecase.ts","statementMap":{"0":{"start":{"line":1,"column":0},"end":{"line":1,"column":30}},"1":{"start":{"line":6,"column":24},"end":{"line":12,"column":10}},"2":{"start":{"line":14,"column":8},"end":{"line":14,"column":null}},"3":{"start":{"line":19,"column":24},"end":{"line":30,"column":12}},"4":{"start":{"line":32,"column":10},"end":{"line":32,"column":null}},"5":{"start":{"line":36,"column":0},"end":{"line":36,"column":null}}},"fnMap":{"0":{"name":"(anonymous_1)","decl":{"start":{"line":5,"column":4},"end":{"line":5,"column":10}},"loc":{"start":{"line":5,"column":70},"end":{"line":15,"column":5}}},"1":{"name":"(anonymous_2)","decl":{"start":{"line":17,"column":4},"end":{"line":17,"column":10}},"loc":{"start":{"line":17,"column":108},"end":{"line":33,"column":5}}}},"branchMap":{},"s":{"0":2,"1":1,"2":0,"3":1,"4":1,"5":2},"f":{"0":1,"1":1},"b":{}}
,"/Users/joffre.quintas/Desktop/AreaDeTrabalho/adotePet-backend/src/validations/validations.ts": {"path":"/Users/joffre.quintas/Desktop/AreaDeTrabalho/adotePet-backend/src/validations/validations.ts","statementMap":{"0":{"start":{"line":4,"column":20},"end":{"line":11,"column":1}},"1":{"start":{"line":4,"column":53},"end":{"line":11,"column":1}},"2":{"start":{"line":5,"column":4},"end":{"line":10,"column":5}},"3":{"start":{"line":6,"column":8},"end":{"line":6,"column":null}},"4":{"start":{"line":7,"column":8},"end":{"line":7,"column":null}},"5":{"start":{"line":9,"column":8},"end":{"line":9,"column":null}},"6":{"start":{"line":13,"column":0},"end":{"line":13,"column":null}}},"fnMap":{"0":{"name":"(anonymous_0)","decl":{"start":{"line":4,"column":20},"end":{"line":4,"column":21}},"loc":{"start":{"line":4,"column":53},"end":{"line":11,"column":1}}},"1":{"name":"(anonymous_1)","decl":{"start":{"line":4,"column":53},"end":{"line":4,"column":58}},"loc":{"start":{"line":4,"column":111},"end":{"line":11,"column":1}}}},"branchMap":{},"s":{"0":1,"1":2,"2":2,"3":2,"4":1,"5":1,"6":1},"f":{"0":2,"1":2},"b":{}}
}
