TN:
SF:src/controllers/AddressControllers.ts
FN:5,(anonymous_1)
FN:17,(anonymous_2)
FNF:2
FNH:2
FNDA:1,(anonymous_1)
FNDA:1,(anonymous_2)
DA:2,1
DA:6,1
DA:7,1
DA:9,1
DA:11,0
DA:13,1
DA:18,1
DA:19,1
DA:21,1
DA:23,0
DA:25,1
DA:30,1
LF:12
LH:10
BRDA:11,0,0,0
BRDA:11,0,1,0
BRDA:13,1,0,1
BRDA:13,1,1,1
BRDA:25,2,0,1
BRDA:25,2,1,1
BRF:6
BRH:4
end_of_record
TN:
SF:src/prisma/index.ts
FNF:0
FNH:0
DA:1,2
DA:3,2
DA:5,2
LF:3
LH:3
BRF:0
BRH:0
end_of_record
TN:
SF:src/usecases/AddressUsecase.ts
FN:5,(anonymous_1)
FN:17,(anonymous_2)
FNF:2
FNH:2
FNDA:1,(anonymous_1)
FNDA:1,(anonymous_2)
DA:1,2
DA:6,1
DA:14,0
DA:19,1
DA:32,1
DA:36,2
LF:6
LH:5
BRF:0
BRH:0
end_of_record
TN:
SF:src/validations/validations.ts
FN:4,(anonymous_0)
FN:4,(anonymous_1)
FNF:2
FNH:2
FNDA:2,(anonymous_0)
FNDA:2,(anonymous_1)
DA:4,2
DA:5,2
DA:6,2
DA:7,1
DA:9,1
DA:13,1
LF:6
LH:6
BRF:0
BRH:0
end_of_record
